ARM GAS  /tmp/ccuAmMgY.s 			page 1


   1              		.cpu cortex-m0plus
   2              		.arch armv6s-m
   3              		.fpu softvfp
   4              		.eabi_attribute 20, 1
   5              		.eabi_attribute 21, 1
   6              		.eabi_attribute 23, 3
   7              		.eabi_attribute 24, 1
   8              		.eabi_attribute 25, 1
   9              		.eabi_attribute 26, 1
  10              		.eabi_attribute 30, 1
  11              		.eabi_attribute 34, 0
  12              		.eabi_attribute 18, 4
  13              		.file	"stm32g0xx_hal_dma_ex.c"
  14              		.text
  15              	.Ltext0:
  16              		.cfi_sections	.debug_frame
  17              		.section	.rodata.HAL_DMAEx_ConfigMuxSync.str1.4,"aMS",%progbits,1
  18              		.align	2
  19              	.LC0:
  20 0000 44726976 		.ascii	"Drivers/STM32G0xx_HAL_Driver/Src/stm32g0xx_hal_dma_"
  20      6572732F 
  20      53544D33 
  20      32473078 
  20      785F4841 
  21 0033 65782E63 		.ascii	"ex.c\000"
  21      00
  22              		.section	.text.HAL_DMAEx_ConfigMuxSync,"ax",%progbits
  23              		.align	1
  24              		.global	HAL_DMAEx_ConfigMuxSync
  25              		.syntax unified
  26              		.code	16
  27              		.thumb_func
  29              	HAL_DMAEx_ConfigMuxSync:
  30              	.LVL0:
  31              	.LFB327:
  32              		.file 1 "Drivers/STM32G0xx_HAL_Driver/Src/stm32g0xx_hal_dma_ex.c"
   1:Drivers/STM32G0xx_HAL_Driver/Src/stm32g0xx_hal_dma_ex.c **** /**
   2:Drivers/STM32G0xx_HAL_Driver/Src/stm32g0xx_hal_dma_ex.c ****   ******************************************************************************
   3:Drivers/STM32G0xx_HAL_Driver/Src/stm32g0xx_hal_dma_ex.c ****   * @file    stm32g0xx_hal_dma_ex.c
   4:Drivers/STM32G0xx_HAL_Driver/Src/stm32g0xx_hal_dma_ex.c ****   * @author  MCD Application Team
   5:Drivers/STM32G0xx_HAL_Driver/Src/stm32g0xx_hal_dma_ex.c ****   * @brief   DMA Extension HAL module driver
   6:Drivers/STM32G0xx_HAL_Driver/Src/stm32g0xx_hal_dma_ex.c ****   *         This file provides firmware functions to manage the following
   7:Drivers/STM32G0xx_HAL_Driver/Src/stm32g0xx_hal_dma_ex.c ****   *         functionalities of the DMA Extension peripheral:
   8:Drivers/STM32G0xx_HAL_Driver/Src/stm32g0xx_hal_dma_ex.c ****   *           + Extended features functions
   9:Drivers/STM32G0xx_HAL_Driver/Src/stm32g0xx_hal_dma_ex.c ****   *
  10:Drivers/STM32G0xx_HAL_Driver/Src/stm32g0xx_hal_dma_ex.c ****   @verbatim
  11:Drivers/STM32G0xx_HAL_Driver/Src/stm32g0xx_hal_dma_ex.c ****   ==============================================================================
  12:Drivers/STM32G0xx_HAL_Driver/Src/stm32g0xx_hal_dma_ex.c ****                         ##### How to use this driver #####
  13:Drivers/STM32G0xx_HAL_Driver/Src/stm32g0xx_hal_dma_ex.c ****   ==============================================================================
  14:Drivers/STM32G0xx_HAL_Driver/Src/stm32g0xx_hal_dma_ex.c ****   [..]
  15:Drivers/STM32G0xx_HAL_Driver/Src/stm32g0xx_hal_dma_ex.c ****   The DMA Extension HAL driver can be used as follows:
  16:Drivers/STM32G0xx_HAL_Driver/Src/stm32g0xx_hal_dma_ex.c ****    (+) Configure the DMAMUX Synchronization Block using HAL_DMAEx_ConfigMuxSync function.
  17:Drivers/STM32G0xx_HAL_Driver/Src/stm32g0xx_hal_dma_ex.c ****    (+) Configure the DMAMUX Request Generator Block using HAL_DMAEx_ConfigMuxRequestGenerator funct
  18:Drivers/STM32G0xx_HAL_Driver/Src/stm32g0xx_hal_dma_ex.c ****        Functions HAL_DMAEx_EnableMuxRequestGenerator and HAL_DMAEx_DisableMuxRequestGenerator can t
  19:Drivers/STM32G0xx_HAL_Driver/Src/stm32g0xx_hal_dma_ex.c ****        to respectively enable/disable the request generator.
  20:Drivers/STM32G0xx_HAL_Driver/Src/stm32g0xx_hal_dma_ex.c **** 
  21:Drivers/STM32G0xx_HAL_Driver/Src/stm32g0xx_hal_dma_ex.c ****    (+) To handle the DMAMUX Interrupts, the function  HAL_DMAEx_MUX_IRQHandler should be called fro
ARM GAS  /tmp/ccuAmMgY.s 			page 2


  22:Drivers/STM32G0xx_HAL_Driver/Src/stm32g0xx_hal_dma_ex.c ****        the DMAMUX IRQ handler i.e DMAMUX1_OVR_IRQHandler.
  23:Drivers/STM32G0xx_HAL_Driver/Src/stm32g0xx_hal_dma_ex.c ****        As only one interrupt line is available for all DMAMUX channels and request generators , HAL
  24:Drivers/STM32G0xx_HAL_Driver/Src/stm32g0xx_hal_dma_ex.c ****        called with, as parameter, the appropriate DMA handle as many as used DMAs in the user proje
  25:Drivers/STM32G0xx_HAL_Driver/Src/stm32g0xx_hal_dma_ex.c ****       (exception done if a given DMA is not using the DMAMUX SYNC block neither a request generator
  26:Drivers/STM32G0xx_HAL_Driver/Src/stm32g0xx_hal_dma_ex.c **** 
  27:Drivers/STM32G0xx_HAL_Driver/Src/stm32g0xx_hal_dma_ex.c ****   @endverbatim
  28:Drivers/STM32G0xx_HAL_Driver/Src/stm32g0xx_hal_dma_ex.c ****   ******************************************************************************
  29:Drivers/STM32G0xx_HAL_Driver/Src/stm32g0xx_hal_dma_ex.c ****   * @attention
  30:Drivers/STM32G0xx_HAL_Driver/Src/stm32g0xx_hal_dma_ex.c ****   *
  31:Drivers/STM32G0xx_HAL_Driver/Src/stm32g0xx_hal_dma_ex.c ****   * Copyright (c) 2018 STMicroelectronics.
  32:Drivers/STM32G0xx_HAL_Driver/Src/stm32g0xx_hal_dma_ex.c ****   * All rights reserved.
  33:Drivers/STM32G0xx_HAL_Driver/Src/stm32g0xx_hal_dma_ex.c ****   *
  34:Drivers/STM32G0xx_HAL_Driver/Src/stm32g0xx_hal_dma_ex.c ****   * This software is licensed under terms that can be found in the LICENSE file
  35:Drivers/STM32G0xx_HAL_Driver/Src/stm32g0xx_hal_dma_ex.c ****   * in the root directory of this software component.
  36:Drivers/STM32G0xx_HAL_Driver/Src/stm32g0xx_hal_dma_ex.c ****   * If no LICENSE file comes with this software, it is provided AS-IS.
  37:Drivers/STM32G0xx_HAL_Driver/Src/stm32g0xx_hal_dma_ex.c ****   *
  38:Drivers/STM32G0xx_HAL_Driver/Src/stm32g0xx_hal_dma_ex.c ****   ******************************************************************************
  39:Drivers/STM32G0xx_HAL_Driver/Src/stm32g0xx_hal_dma_ex.c ****   */
  40:Drivers/STM32G0xx_HAL_Driver/Src/stm32g0xx_hal_dma_ex.c **** 
  41:Drivers/STM32G0xx_HAL_Driver/Src/stm32g0xx_hal_dma_ex.c **** /* Includes ------------------------------------------------------------------*/
  42:Drivers/STM32G0xx_HAL_Driver/Src/stm32g0xx_hal_dma_ex.c **** #include "stm32g0xx_hal.h"
  43:Drivers/STM32G0xx_HAL_Driver/Src/stm32g0xx_hal_dma_ex.c **** 
  44:Drivers/STM32G0xx_HAL_Driver/Src/stm32g0xx_hal_dma_ex.c **** /** @addtogroup STM32G0xx_HAL_Driver
  45:Drivers/STM32G0xx_HAL_Driver/Src/stm32g0xx_hal_dma_ex.c ****   * @{
  46:Drivers/STM32G0xx_HAL_Driver/Src/stm32g0xx_hal_dma_ex.c ****   */
  47:Drivers/STM32G0xx_HAL_Driver/Src/stm32g0xx_hal_dma_ex.c **** 
  48:Drivers/STM32G0xx_HAL_Driver/Src/stm32g0xx_hal_dma_ex.c **** /** @defgroup DMAEx DMAEx
  49:Drivers/STM32G0xx_HAL_Driver/Src/stm32g0xx_hal_dma_ex.c ****   * @brief DMA Extended HAL module driver
  50:Drivers/STM32G0xx_HAL_Driver/Src/stm32g0xx_hal_dma_ex.c ****   * @{
  51:Drivers/STM32G0xx_HAL_Driver/Src/stm32g0xx_hal_dma_ex.c ****   */
  52:Drivers/STM32G0xx_HAL_Driver/Src/stm32g0xx_hal_dma_ex.c **** 
  53:Drivers/STM32G0xx_HAL_Driver/Src/stm32g0xx_hal_dma_ex.c **** #ifdef HAL_DMA_MODULE_ENABLED
  54:Drivers/STM32G0xx_HAL_Driver/Src/stm32g0xx_hal_dma_ex.c **** 
  55:Drivers/STM32G0xx_HAL_Driver/Src/stm32g0xx_hal_dma_ex.c **** /* Private typedef -----------------------------------------------------------*/
  56:Drivers/STM32G0xx_HAL_Driver/Src/stm32g0xx_hal_dma_ex.c **** /* Private define ------------------------------------------------------------*/
  57:Drivers/STM32G0xx_HAL_Driver/Src/stm32g0xx_hal_dma_ex.c **** /* Private macro -------------------------------------------------------------*/
  58:Drivers/STM32G0xx_HAL_Driver/Src/stm32g0xx_hal_dma_ex.c **** /* Private variables ---------------------------------------------------------*/
  59:Drivers/STM32G0xx_HAL_Driver/Src/stm32g0xx_hal_dma_ex.c **** /* Private Constants ---------------------------------------------------------*/
  60:Drivers/STM32G0xx_HAL_Driver/Src/stm32g0xx_hal_dma_ex.c **** /* Private function prototypes -----------------------------------------------*/
  61:Drivers/STM32G0xx_HAL_Driver/Src/stm32g0xx_hal_dma_ex.c **** /* Exported functions --------------------------------------------------------*/
  62:Drivers/STM32G0xx_HAL_Driver/Src/stm32g0xx_hal_dma_ex.c **** 
  63:Drivers/STM32G0xx_HAL_Driver/Src/stm32g0xx_hal_dma_ex.c **** 
  64:Drivers/STM32G0xx_HAL_Driver/Src/stm32g0xx_hal_dma_ex.c **** /** @defgroup DMAEx_Exported_Functions DMAEx Exported Functions
  65:Drivers/STM32G0xx_HAL_Driver/Src/stm32g0xx_hal_dma_ex.c ****   * @{
  66:Drivers/STM32G0xx_HAL_Driver/Src/stm32g0xx_hal_dma_ex.c ****   */
  67:Drivers/STM32G0xx_HAL_Driver/Src/stm32g0xx_hal_dma_ex.c **** 
  68:Drivers/STM32G0xx_HAL_Driver/Src/stm32g0xx_hal_dma_ex.c **** /** @defgroup DMAEx_Exported_Functions_Group1 DMAEx Extended features functions
  69:Drivers/STM32G0xx_HAL_Driver/Src/stm32g0xx_hal_dma_ex.c ****   *  @brief   Extended features functions
  70:Drivers/STM32G0xx_HAL_Driver/Src/stm32g0xx_hal_dma_ex.c ****   *
  71:Drivers/STM32G0xx_HAL_Driver/Src/stm32g0xx_hal_dma_ex.c **** @verbatim
  72:Drivers/STM32G0xx_HAL_Driver/Src/stm32g0xx_hal_dma_ex.c ****  ===============================================================================
  73:Drivers/STM32G0xx_HAL_Driver/Src/stm32g0xx_hal_dma_ex.c ****                 #####  Extended features functions  #####
  74:Drivers/STM32G0xx_HAL_Driver/Src/stm32g0xx_hal_dma_ex.c ****  ===============================================================================
  75:Drivers/STM32G0xx_HAL_Driver/Src/stm32g0xx_hal_dma_ex.c ****     [..]  This section provides functions allowing to:
  76:Drivers/STM32G0xx_HAL_Driver/Src/stm32g0xx_hal_dma_ex.c **** 
  77:Drivers/STM32G0xx_HAL_Driver/Src/stm32g0xx_hal_dma_ex.c ****     (+) Configure the DMAMUX Synchronization Block using HAL_DMAEx_ConfigMuxSync function.
  78:Drivers/STM32G0xx_HAL_Driver/Src/stm32g0xx_hal_dma_ex.c ****     (+) Configure the DMAMUX Request Generator Block using HAL_DMAEx_ConfigMuxRequestGenerator func
ARM GAS  /tmp/ccuAmMgY.s 			page 3


  79:Drivers/STM32G0xx_HAL_Driver/Src/stm32g0xx_hal_dma_ex.c ****        Functions HAL_DMAEx_EnableMuxRequestGenerator and HAL_DMAEx_DisableMuxRequestGenerator can t
  80:Drivers/STM32G0xx_HAL_Driver/Src/stm32g0xx_hal_dma_ex.c ****        to respectively enable/disable the request generator.
  81:Drivers/STM32G0xx_HAL_Driver/Src/stm32g0xx_hal_dma_ex.c ****     (+) Handle DMAMUX interrupts using HAL_DMAEx_MUX_IRQHandler : should be called from
  82:Drivers/STM32G0xx_HAL_Driver/Src/stm32g0xx_hal_dma_ex.c ****         the DMAMUX IRQ handler
  83:Drivers/STM32G0xx_HAL_Driver/Src/stm32g0xx_hal_dma_ex.c **** 
  84:Drivers/STM32G0xx_HAL_Driver/Src/stm32g0xx_hal_dma_ex.c **** @endverbatim
  85:Drivers/STM32G0xx_HAL_Driver/Src/stm32g0xx_hal_dma_ex.c ****   * @{
  86:Drivers/STM32G0xx_HAL_Driver/Src/stm32g0xx_hal_dma_ex.c ****   */
  87:Drivers/STM32G0xx_HAL_Driver/Src/stm32g0xx_hal_dma_ex.c **** 
  88:Drivers/STM32G0xx_HAL_Driver/Src/stm32g0xx_hal_dma_ex.c **** /**
  89:Drivers/STM32G0xx_HAL_Driver/Src/stm32g0xx_hal_dma_ex.c ****   * @brief Configure the DMAMUX synchronization parameters for a given DMA channel (instance).
  90:Drivers/STM32G0xx_HAL_Driver/Src/stm32g0xx_hal_dma_ex.c ****   * @param hdma Pointer to a DMA_HandleTypeDef structure that contains
  91:Drivers/STM32G0xx_HAL_Driver/Src/stm32g0xx_hal_dma_ex.c ****   *             the configuration information for the specified DMA channel.
  92:Drivers/STM32G0xx_HAL_Driver/Src/stm32g0xx_hal_dma_ex.c ****   * @param pSyncConfig Pointer to HAL_DMA_MuxSyncConfigTypeDef contains the DMAMUX synchronization 
  93:Drivers/STM32G0xx_HAL_Driver/Src/stm32g0xx_hal_dma_ex.c ****   * @retval HAL status
  94:Drivers/STM32G0xx_HAL_Driver/Src/stm32g0xx_hal_dma_ex.c ****   */
  95:Drivers/STM32G0xx_HAL_Driver/Src/stm32g0xx_hal_dma_ex.c **** HAL_StatusTypeDef HAL_DMAEx_ConfigMuxSync(DMA_HandleTypeDef *hdma, HAL_DMA_MuxSyncConfigTypeDef *pS
  96:Drivers/STM32G0xx_HAL_Driver/Src/stm32g0xx_hal_dma_ex.c **** {
  33              		.loc 1 96 1 view -0
  34              		.cfi_startproc
  35              		@ args = 0, pretend = 0, frame = 0
  36              		@ frame_needed = 0, uses_anonymous_args = 0
  37              		.loc 1 96 1 is_stmt 0 view .LVU1
  38 0000 70B5     		push	{r4, r5, r6, lr}
  39              	.LCFI0:
  40              		.cfi_def_cfa_offset 16
  41              		.cfi_offset 4, -16
  42              		.cfi_offset 5, -12
  43              		.cfi_offset 6, -8
  44              		.cfi_offset 14, -4
  45 0002 0500     		movs	r5, r0
  46 0004 0C00     		movs	r4, r1
  97:Drivers/STM32G0xx_HAL_Driver/Src/stm32g0xx_hal_dma_ex.c ****   /* Check the parameters */
  98:Drivers/STM32G0xx_HAL_Driver/Src/stm32g0xx_hal_dma_ex.c ****   assert_param(IS_DMA_ALL_INSTANCE(hdma->Instance));
  47              		.loc 1 98 3 is_stmt 1 view .LVU2
  48 0006 0368     		ldr	r3, [r0]
  49 0008 3E4A     		ldr	r2, .L16
  50 000a 9342     		cmp	r3, r2
  51 000c 15D0     		beq	.L2
  52              		.loc 1 98 3 is_stmt 0 discriminator 1 view .LVU3
  53 000e 3E4A     		ldr	r2, .L16+4
  54 0010 9342     		cmp	r3, r2
  55 0012 12D0     		beq	.L2
  56              		.loc 1 98 3 discriminator 2 view .LVU4
  57 0014 3D4A     		ldr	r2, .L16+8
  58 0016 9342     		cmp	r3, r2
  59 0018 0FD0     		beq	.L2
  60              		.loc 1 98 3 discriminator 3 view .LVU5
  61 001a 3D4A     		ldr	r2, .L16+12
  62 001c 9342     		cmp	r3, r2
  63 001e 0CD0     		beq	.L2
  64              		.loc 1 98 3 discriminator 4 view .LVU6
  65 0020 3C4A     		ldr	r2, .L16+16
  66 0022 9342     		cmp	r3, r2
  67 0024 09D0     		beq	.L2
  68              		.loc 1 98 3 discriminator 5 view .LVU7
  69 0026 3C4A     		ldr	r2, .L16+20
ARM GAS  /tmp/ccuAmMgY.s 			page 4


  70 0028 9342     		cmp	r3, r2
  71 002a 06D0     		beq	.L2
  72              		.loc 1 98 3 discriminator 6 view .LVU8
  73 002c 3B4A     		ldr	r2, .L16+24
  74 002e 9342     		cmp	r3, r2
  75 0030 03D0     		beq	.L2
  76              		.loc 1 98 3 discriminator 7 view .LVU9
  77 0032 6221     		movs	r1, #98
  78              	.LVL1:
  79              		.loc 1 98 3 discriminator 7 view .LVU10
  80 0034 3A48     		ldr	r0, .L16+28
  81              	.LVL2:
  82              		.loc 1 98 3 discriminator 7 view .LVU11
  83 0036 FFF7FEFF 		bl	assert_failed
  84              	.LVL3:
  85              	.L2:
  99:Drivers/STM32G0xx_HAL_Driver/Src/stm32g0xx_hal_dma_ex.c **** 
 100:Drivers/STM32G0xx_HAL_Driver/Src/stm32g0xx_hal_dma_ex.c ****   assert_param(IS_DMAMUX_SYNC_SIGNAL_ID(pSyncConfig->SyncSignalID));
  86              		.loc 1 100 3 is_stmt 1 view .LVU12
  87 003a 2368     		ldr	r3, [r4]
  88 003c 002B     		cmp	r3, #0
  89 003e 07D0     		beq	.L3
  90              		.loc 1 100 3 is_stmt 0 discriminator 1 view .LVU13
  91 0040 FF22     		movs	r2, #255
  92 0042 1206     		lsls	r2, r2, #24
  93 0044 9446     		mov	ip, r2
  94 0046 6344     		add	r3, r3, ip
  95 0048 A822     		movs	r2, #168
  96 004a 5205     		lsls	r2, r2, #21
  97 004c 9342     		cmp	r3, r2
  98 004e 3AD8     		bhi	.L11
  99              	.L3:
 101:Drivers/STM32G0xx_HAL_Driver/Src/stm32g0xx_hal_dma_ex.c **** 
 102:Drivers/STM32G0xx_HAL_Driver/Src/stm32g0xx_hal_dma_ex.c ****   assert_param(IS_DMAMUX_SYNC_POLARITY(pSyncConfig-> SyncPolarity));
 100              		.loc 1 102 3 is_stmt 1 view .LVU14
 101 0050 6368     		ldr	r3, [r4, #4]
 102 0052 002B     		cmp	r3, #0
 103 0054 0BD0     		beq	.L4
 104              		.loc 1 102 3 is_stmt 0 discriminator 1 view .LVU15
 105 0056 8022     		movs	r2, #128
 106 0058 9202     		lsls	r2, r2, #10
 107 005a 9342     		cmp	r3, r2
 108 005c 07D0     		beq	.L4
 109              		.loc 1 102 3 discriminator 2 view .LVU16
 110 005e 8022     		movs	r2, #128
 111 0060 D202     		lsls	r2, r2, #11
 112 0062 9342     		cmp	r3, r2
 113 0064 03D0     		beq	.L4
 114              		.loc 1 102 3 discriminator 3 view .LVU17
 115 0066 C022     		movs	r2, #192
 116 0068 D202     		lsls	r2, r2, #11
 117 006a 9342     		cmp	r3, r2
 118 006c 30D1     		bne	.L12
 119              	.L4:
 103:Drivers/STM32G0xx_HAL_Driver/Src/stm32g0xx_hal_dma_ex.c ****   assert_param(IS_DMAMUX_SYNC_STATE(pSyncConfig->SyncEnable));
 120              		.loc 1 103 3 is_stmt 1 view .LVU18
 121 006e 237A     		ldrb	r3, [r4, #8]
ARM GAS  /tmp/ccuAmMgY.s 			page 5


 122 0070 012B     		cmp	r3, #1
 123 0072 32D8     		bhi	.L13
 124              	.L5:
 104:Drivers/STM32G0xx_HAL_Driver/Src/stm32g0xx_hal_dma_ex.c ****   assert_param(IS_DMAMUX_SYNC_EVENT(pSyncConfig->EventEnable));
 125              		.loc 1 104 3 view .LVU19
 126 0074 637A     		ldrb	r3, [r4, #9]
 127 0076 012B     		cmp	r3, #1
 128 0078 34D8     		bhi	.L14
 129              	.L6:
 105:Drivers/STM32G0xx_HAL_Driver/Src/stm32g0xx_hal_dma_ex.c ****   assert_param(IS_DMAMUX_SYNC_REQUEST_NUMBER(pSyncConfig->RequestNumber));
 130              		.loc 1 105 3 view .LVU20
 131 007a E368     		ldr	r3, [r4, #12]
 132 007c 013B     		subs	r3, r3, #1
 133 007e 1F2B     		cmp	r3, #31
 134 0080 35D8     		bhi	.L15
 135              	.L7:
 106:Drivers/STM32G0xx_HAL_Driver/Src/stm32g0xx_hal_dma_ex.c **** 
 107:Drivers/STM32G0xx_HAL_Driver/Src/stm32g0xx_hal_dma_ex.c ****   /*Check if the DMA state is ready */
 108:Drivers/STM32G0xx_HAL_Driver/Src/stm32g0xx_hal_dma_ex.c ****   if (hdma->State == HAL_DMA_STATE_READY)
 136              		.loc 1 108 3 view .LVU21
 137              		.loc 1 108 11 is_stmt 0 view .LVU22
 138 0082 2523     		movs	r3, #37
 139 0084 EB5C     		ldrb	r3, [r5, r3]
 140              		.loc 1 108 6 view .LVU23
 141 0086 012B     		cmp	r3, #1
 142 0088 36D1     		bne	.L8
 109:Drivers/STM32G0xx_HAL_Driver/Src/stm32g0xx_hal_dma_ex.c ****   {
 110:Drivers/STM32G0xx_HAL_Driver/Src/stm32g0xx_hal_dma_ex.c ****     /* Process Locked */
 111:Drivers/STM32G0xx_HAL_Driver/Src/stm32g0xx_hal_dma_ex.c ****     __HAL_LOCK(hdma);
 143              		.loc 1 111 5 is_stmt 1 view .LVU24
 144              		.loc 1 111 5 view .LVU25
 145 008a 2333     		adds	r3, r3, #35
 146 008c EB5C     		ldrb	r3, [r5, r3]
 147 008e 012B     		cmp	r3, #1
 148 0090 36D0     		beq	.L10
 149              		.loc 1 111 5 discriminator 2 view .LVU26
 150 0092 2420     		movs	r0, #36
 151 0094 0123     		movs	r3, #1
 152 0096 2B54     		strb	r3, [r5, r0]
 153              		.loc 1 111 5 discriminator 2 view .LVU27
 112:Drivers/STM32G0xx_HAL_Driver/Src/stm32g0xx_hal_dma_ex.c **** 
 113:Drivers/STM32G0xx_HAL_Driver/Src/stm32g0xx_hal_dma_ex.c ****     /* Set the new synchronization parameters (and keep the request ID filled during the Init)*/
 114:Drivers/STM32G0xx_HAL_Driver/Src/stm32g0xx_hal_dma_ex.c ****     MODIFY_REG(hdma->DMAmuxChannel->CCR, \
 154              		.loc 1 114 5 discriminator 2 view .LVU28
 155 0098 6E6C     		ldr	r6, [r5, #68]
 156 009a 3368     		ldr	r3, [r6]
 157 009c 3F22     		movs	r2, #63
 158 009e 1A40     		ands	r2, r3
 159 00a0 E368     		ldr	r3, [r4, #12]
 160 00a2 013B     		subs	r3, r3, #1
 161 00a4 DB04     		lsls	r3, r3, #19
 162 00a6 2168     		ldr	r1, [r4]
 163 00a8 0B43     		orrs	r3, r1
 164 00aa 6168     		ldr	r1, [r4, #4]
 165 00ac 0B43     		orrs	r3, r1
 166 00ae 217A     		ldrb	r1, [r4, #8]
 167 00b0 0904     		lsls	r1, r1, #16
ARM GAS  /tmp/ccuAmMgY.s 			page 6


 168 00b2 0B43     		orrs	r3, r1
 169 00b4 617A     		ldrb	r1, [r4, #9]
 170 00b6 4902     		lsls	r1, r1, #9
 171 00b8 0B43     		orrs	r3, r1
 172 00ba 1343     		orrs	r3, r2
 173 00bc 3360     		str	r3, [r6]
 115:Drivers/STM32G0xx_HAL_Driver/Src/stm32g0xx_hal_dma_ex.c ****                (~DMAMUX_CxCR_DMAREQ_ID), \
 116:Drivers/STM32G0xx_HAL_Driver/Src/stm32g0xx_hal_dma_ex.c ****                (pSyncConfig->SyncSignalID | ((pSyncConfig->RequestNumber - 1U) << DMAMUX_CxCR_NBREQ
 117:Drivers/STM32G0xx_HAL_Driver/Src/stm32g0xx_hal_dma_ex.c ****                 pSyncConfig->SyncPolarity | ((uint32_t)pSyncConfig->SyncEnable << DMAMUX_CxCR_SE_Po
 118:Drivers/STM32G0xx_HAL_Driver/Src/stm32g0xx_hal_dma_ex.c ****                 ((uint32_t)pSyncConfig->EventEnable << DMAMUX_CxCR_EGE_Pos)));
 119:Drivers/STM32G0xx_HAL_Driver/Src/stm32g0xx_hal_dma_ex.c **** 
 120:Drivers/STM32G0xx_HAL_Driver/Src/stm32g0xx_hal_dma_ex.c ****     /* Process UnLocked */
 121:Drivers/STM32G0xx_HAL_Driver/Src/stm32g0xx_hal_dma_ex.c ****     __HAL_UNLOCK(hdma);
 174              		.loc 1 121 5 discriminator 2 view .LVU29
 175              		.loc 1 121 5 discriminator 2 view .LVU30
 176 00be 0023     		movs	r3, #0
 177 00c0 2B54     		strb	r3, [r5, r0]
 178              		.loc 1 121 5 discriminator 2 view .LVU31
 122:Drivers/STM32G0xx_HAL_Driver/Src/stm32g0xx_hal_dma_ex.c **** 
 123:Drivers/STM32G0xx_HAL_Driver/Src/stm32g0xx_hal_dma_ex.c ****     return HAL_OK;
 179              		.loc 1 123 5 discriminator 2 view .LVU32
 180              		.loc 1 123 12 is_stmt 0 discriminator 2 view .LVU33
 181 00c2 0020     		movs	r0, #0
 182 00c4 1BE0     		b	.L9
 183              	.L11:
 100:Drivers/STM32G0xx_HAL_Driver/Src/stm32g0xx_hal_dma_ex.c **** 
 184              		.loc 1 100 3 discriminator 2 view .LVU34
 185 00c6 6421     		movs	r1, #100
 186 00c8 1548     		ldr	r0, .L16+28
 187 00ca FFF7FEFF 		bl	assert_failed
 188              	.LVL4:
 189 00ce BFE7     		b	.L3
 190              	.L12:
 102:Drivers/STM32G0xx_HAL_Driver/Src/stm32g0xx_hal_dma_ex.c ****   assert_param(IS_DMAMUX_SYNC_STATE(pSyncConfig->SyncEnable));
 191              		.loc 1 102 3 discriminator 4 view .LVU35
 192 00d0 6621     		movs	r1, #102
 193 00d2 1348     		ldr	r0, .L16+28
 194 00d4 FFF7FEFF 		bl	assert_failed
 195              	.LVL5:
 196 00d8 C9E7     		b	.L4
 197              	.L13:
 103:Drivers/STM32G0xx_HAL_Driver/Src/stm32g0xx_hal_dma_ex.c ****   assert_param(IS_DMAMUX_SYNC_EVENT(pSyncConfig->EventEnable));
 198              		.loc 1 103 3 discriminator 1 view .LVU36
 199 00da 6721     		movs	r1, #103
 200 00dc 1048     		ldr	r0, .L16+28
 201 00de FFF7FEFF 		bl	assert_failed
 202              	.LVL6:
 203 00e2 C7E7     		b	.L5
 204              	.L14:
 104:Drivers/STM32G0xx_HAL_Driver/Src/stm32g0xx_hal_dma_ex.c ****   assert_param(IS_DMAMUX_SYNC_REQUEST_NUMBER(pSyncConfig->RequestNumber));
 205              		.loc 1 104 3 discriminator 1 view .LVU37
 206 00e4 6821     		movs	r1, #104
 207 00e6 0E48     		ldr	r0, .L16+28
 208 00e8 FFF7FEFF 		bl	assert_failed
 209              	.LVL7:
 210 00ec C5E7     		b	.L6
 211              	.L15:
ARM GAS  /tmp/ccuAmMgY.s 			page 7


 105:Drivers/STM32G0xx_HAL_Driver/Src/stm32g0xx_hal_dma_ex.c **** 
 212              		.loc 1 105 3 discriminator 1 view .LVU38
 213 00ee 6921     		movs	r1, #105
 214 00f0 0B48     		ldr	r0, .L16+28
 215 00f2 FFF7FEFF 		bl	assert_failed
 216              	.LVL8:
 217 00f6 C4E7     		b	.L7
 218              	.L8:
 124:Drivers/STM32G0xx_HAL_Driver/Src/stm32g0xx_hal_dma_ex.c ****   }
 125:Drivers/STM32G0xx_HAL_Driver/Src/stm32g0xx_hal_dma_ex.c ****   else
 126:Drivers/STM32G0xx_HAL_Driver/Src/stm32g0xx_hal_dma_ex.c ****   {
 127:Drivers/STM32G0xx_HAL_Driver/Src/stm32g0xx_hal_dma_ex.c ****     /* Set the error code to busy */
 128:Drivers/STM32G0xx_HAL_Driver/Src/stm32g0xx_hal_dma_ex.c ****     hdma->ErrorCode = HAL_DMA_ERROR_BUSY;
 219              		.loc 1 128 5 is_stmt 1 view .LVU39
 220              		.loc 1 128 21 is_stmt 0 view .LVU40
 221 00f8 8023     		movs	r3, #128
 222 00fa EB63     		str	r3, [r5, #60]
 129:Drivers/STM32G0xx_HAL_Driver/Src/stm32g0xx_hal_dma_ex.c **** 
 130:Drivers/STM32G0xx_HAL_Driver/Src/stm32g0xx_hal_dma_ex.c ****     /* Return error status */
 131:Drivers/STM32G0xx_HAL_Driver/Src/stm32g0xx_hal_dma_ex.c ****     return HAL_ERROR;
 223              		.loc 1 131 5 is_stmt 1 view .LVU41
 224              		.loc 1 131 12 is_stmt 0 view .LVU42
 225 00fc 0120     		movs	r0, #1
 226              	.L9:
 132:Drivers/STM32G0xx_HAL_Driver/Src/stm32g0xx_hal_dma_ex.c ****   }
 133:Drivers/STM32G0xx_HAL_Driver/Src/stm32g0xx_hal_dma_ex.c **** }
 227              		.loc 1 133 1 view .LVU43
 228              		@ sp needed
 229              	.LVL9:
 230              	.LVL10:
 231              		.loc 1 133 1 view .LVU44
 232 00fe 70BD     		pop	{r4, r5, r6, pc}
 233              	.LVL11:
 234              	.L10:
 111:Drivers/STM32G0xx_HAL_Driver/Src/stm32g0xx_hal_dma_ex.c **** 
 235              		.loc 1 111 5 view .LVU45
 236 0100 0220     		movs	r0, #2
 237 0102 FCE7     		b	.L9
 238              	.L17:
 239              		.align	2
 240              	.L16:
 241 0104 08000240 		.word	1073872904
 242 0108 1C000240 		.word	1073872924
 243 010c 30000240 		.word	1073872944
 244 0110 44000240 		.word	1073872964
 245 0114 58000240 		.word	1073872984
 246 0118 6C000240 		.word	1073873004
 247 011c 80000240 		.word	1073873024
 248 0120 00000000 		.word	.LC0
 249              		.cfi_endproc
 250              	.LFE327:
 252              		.section	.text.HAL_DMAEx_ConfigMuxRequestGenerator,"ax",%progbits
 253              		.align	1
 254              		.global	HAL_DMAEx_ConfigMuxRequestGenerator
 255              		.syntax unified
 256              		.code	16
 257              		.thumb_func
ARM GAS  /tmp/ccuAmMgY.s 			page 8


 259              	HAL_DMAEx_ConfigMuxRequestGenerator:
 260              	.LVL12:
 261              	.LFB328:
 134:Drivers/STM32G0xx_HAL_Driver/Src/stm32g0xx_hal_dma_ex.c **** 
 135:Drivers/STM32G0xx_HAL_Driver/Src/stm32g0xx_hal_dma_ex.c **** /**
 136:Drivers/STM32G0xx_HAL_Driver/Src/stm32g0xx_hal_dma_ex.c ****   * @brief Configure the DMAMUX request generator block used by the given DMA channel (instance).
 137:Drivers/STM32G0xx_HAL_Driver/Src/stm32g0xx_hal_dma_ex.c ****   * @param hdma Pointer to a DMA_HandleTypeDef structure that contains
 138:Drivers/STM32G0xx_HAL_Driver/Src/stm32g0xx_hal_dma_ex.c ****   *             the configuration information for the specified DMA channel.
 139:Drivers/STM32G0xx_HAL_Driver/Src/stm32g0xx_hal_dma_ex.c ****   * @param pRequestGeneratorConfig Pointer to HAL_DMA_MuxRequestGeneratorConfigTypeDef
 140:Drivers/STM32G0xx_HAL_Driver/Src/stm32g0xx_hal_dma_ex.c ****   *                                contains the request generator parameters.
 141:Drivers/STM32G0xx_HAL_Driver/Src/stm32g0xx_hal_dma_ex.c ****   *
 142:Drivers/STM32G0xx_HAL_Driver/Src/stm32g0xx_hal_dma_ex.c ****   * @retval HAL status
 143:Drivers/STM32G0xx_HAL_Driver/Src/stm32g0xx_hal_dma_ex.c ****   */
 144:Drivers/STM32G0xx_HAL_Driver/Src/stm32g0xx_hal_dma_ex.c **** HAL_StatusTypeDef HAL_DMAEx_ConfigMuxRequestGenerator(DMA_HandleTypeDef *hdma,
 145:Drivers/STM32G0xx_HAL_Driver/Src/stm32g0xx_hal_dma_ex.c ****                                                       HAL_DMA_MuxRequestGeneratorConfigTypeDef *pRe
 146:Drivers/STM32G0xx_HAL_Driver/Src/stm32g0xx_hal_dma_ex.c **** {
 262              		.loc 1 146 1 is_stmt 1 view -0
 263              		.cfi_startproc
 264              		@ args = 0, pretend = 0, frame = 0
 265              		@ frame_needed = 0, uses_anonymous_args = 0
 266              		.loc 1 146 1 is_stmt 0 view .LVU47
 267 0000 70B5     		push	{r4, r5, r6, lr}
 268              	.LCFI1:
 269              		.cfi_def_cfa_offset 16
 270              		.cfi_offset 4, -16
 271              		.cfi_offset 5, -12
 272              		.cfi_offset 6, -8
 273              		.cfi_offset 14, -4
 274 0002 0400     		movs	r4, r0
 275 0004 0D00     		movs	r5, r1
 147:Drivers/STM32G0xx_HAL_Driver/Src/stm32g0xx_hal_dma_ex.c ****   HAL_StatusTypeDef status;
 276              		.loc 1 147 3 is_stmt 1 view .LVU48
 148:Drivers/STM32G0xx_HAL_Driver/Src/stm32g0xx_hal_dma_ex.c ****   HAL_DMA_StateTypeDef temp_state = hdma->State;
 277              		.loc 1 148 3 view .LVU49
 278              		.loc 1 148 24 is_stmt 0 view .LVU50
 279 0006 2523     		movs	r3, #37
 280 0008 C65C     		ldrb	r6, [r0, r3]
 281 000a F6B2     		uxtb	r6, r6
 282              	.LVL13:
 149:Drivers/STM32G0xx_HAL_Driver/Src/stm32g0xx_hal_dma_ex.c **** 
 150:Drivers/STM32G0xx_HAL_Driver/Src/stm32g0xx_hal_dma_ex.c ****   /* Check the parameters */
 151:Drivers/STM32G0xx_HAL_Driver/Src/stm32g0xx_hal_dma_ex.c ****   assert_param(IS_DMA_ALL_INSTANCE(hdma->Instance));
 283              		.loc 1 151 3 is_stmt 1 view .LVU51
 284 000c 0368     		ldr	r3, [r0]
 285 000e 314A     		ldr	r2, .L32
 286 0010 9342     		cmp	r3, r2
 287 0012 15D0     		beq	.L19
 288              		.loc 1 151 3 is_stmt 0 discriminator 1 view .LVU52
 289 0014 304A     		ldr	r2, .L32+4
 290 0016 9342     		cmp	r3, r2
 291 0018 12D0     		beq	.L19
 292              		.loc 1 151 3 discriminator 2 view .LVU53
 293 001a 304A     		ldr	r2, .L32+8
 294 001c 9342     		cmp	r3, r2
 295 001e 0FD0     		beq	.L19
 296              		.loc 1 151 3 discriminator 3 view .LVU54
 297 0020 2F4A     		ldr	r2, .L32+12
ARM GAS  /tmp/ccuAmMgY.s 			page 9


 298 0022 9342     		cmp	r3, r2
 299 0024 0CD0     		beq	.L19
 300              		.loc 1 151 3 discriminator 4 view .LVU55
 301 0026 2F4A     		ldr	r2, .L32+16
 302 0028 9342     		cmp	r3, r2
 303 002a 09D0     		beq	.L19
 304              		.loc 1 151 3 discriminator 5 view .LVU56
 305 002c 2E4A     		ldr	r2, .L32+20
 306 002e 9342     		cmp	r3, r2
 307 0030 06D0     		beq	.L19
 308              		.loc 1 151 3 discriminator 6 view .LVU57
 309 0032 2E4A     		ldr	r2, .L32+24
 310 0034 9342     		cmp	r3, r2
 311 0036 03D0     		beq	.L19
 312              		.loc 1 151 3 discriminator 7 view .LVU58
 313 0038 9721     		movs	r1, #151
 314              	.LVL14:
 315              		.loc 1 151 3 discriminator 7 view .LVU59
 316 003a 2D48     		ldr	r0, .L32+28
 317              	.LVL15:
 318              		.loc 1 151 3 discriminator 7 view .LVU60
 319 003c FFF7FEFF 		bl	assert_failed
 320              	.LVL16:
 321              	.L19:
 152:Drivers/STM32G0xx_HAL_Driver/Src/stm32g0xx_hal_dma_ex.c **** 
 153:Drivers/STM32G0xx_HAL_Driver/Src/stm32g0xx_hal_dma_ex.c ****   assert_param(IS_DMAMUX_REQUEST_GEN_SIGNAL_ID(pRequestGeneratorConfig->SignalID));
 322              		.loc 1 153 3 is_stmt 1 view .LVU61
 323 0040 2B68     		ldr	r3, [r5]
 324 0042 162B     		cmp	r3, #22
 325 0044 1ED8     		bhi	.L27
 326              	.L20:
 154:Drivers/STM32G0xx_HAL_Driver/Src/stm32g0xx_hal_dma_ex.c **** 
 155:Drivers/STM32G0xx_HAL_Driver/Src/stm32g0xx_hal_dma_ex.c ****   assert_param(IS_DMAMUX_REQUEST_GEN_POLARITY(pRequestGeneratorConfig->Polarity));
 327              		.loc 1 155 3 view .LVU62
 328 0046 6B68     		ldr	r3, [r5, #4]
 329 0048 002B     		cmp	r3, #0
 330 004a 0BD0     		beq	.L21
 331              		.loc 1 155 3 is_stmt 0 discriminator 1 view .LVU63
 332 004c 8022     		movs	r2, #128
 333 004e 9202     		lsls	r2, r2, #10
 334 0050 9342     		cmp	r3, r2
 335 0052 07D0     		beq	.L21
 336              		.loc 1 155 3 discriminator 2 view .LVU64
 337 0054 8022     		movs	r2, #128
 338 0056 D202     		lsls	r2, r2, #11
 339 0058 9342     		cmp	r3, r2
 340 005a 03D0     		beq	.L21
 341              		.loc 1 155 3 discriminator 3 view .LVU65
 342 005c C022     		movs	r2, #192
 343 005e D202     		lsls	r2, r2, #11
 344 0060 9342     		cmp	r3, r2
 345 0062 14D1     		bne	.L28
 346              	.L21:
 156:Drivers/STM32G0xx_HAL_Driver/Src/stm32g0xx_hal_dma_ex.c ****   assert_param(IS_DMAMUX_REQUEST_GEN_REQUEST_NUMBER(pRequestGeneratorConfig->RequestNumber));
 347              		.loc 1 156 3 is_stmt 1 view .LVU66
 348 0064 AB68     		ldr	r3, [r5, #8]
 349 0066 013B     		subs	r3, r3, #1
ARM GAS  /tmp/ccuAmMgY.s 			page 10


 350 0068 1F2B     		cmp	r3, #31
 351 006a 15D8     		bhi	.L29
 352              	.L22:
 157:Drivers/STM32G0xx_HAL_Driver/Src/stm32g0xx_hal_dma_ex.c **** 
 158:Drivers/STM32G0xx_HAL_Driver/Src/stm32g0xx_hal_dma_ex.c ****   /* check if the DMA state is ready
 159:Drivers/STM32G0xx_HAL_Driver/Src/stm32g0xx_hal_dma_ex.c ****      and DMA is using a DMAMUX request generator block
 160:Drivers/STM32G0xx_HAL_Driver/Src/stm32g0xx_hal_dma_ex.c ****   */
 161:Drivers/STM32G0xx_HAL_Driver/Src/stm32g0xx_hal_dma_ex.c ****   if (hdma->DMAmuxRequestGen == 0U)
 353              		.loc 1 161 3 view .LVU67
 354              		.loc 1 161 11 is_stmt 0 view .LVU68
 355 006c 236D     		ldr	r3, [r4, #80]
 356              		.loc 1 161 6 view .LVU69
 357 006e 002B     		cmp	r3, #0
 358 0070 17D0     		beq	.L30
 162:Drivers/STM32G0xx_HAL_Driver/Src/stm32g0xx_hal_dma_ex.c ****   {
 163:Drivers/STM32G0xx_HAL_Driver/Src/stm32g0xx_hal_dma_ex.c ****     /* Set the error code to busy */
 164:Drivers/STM32G0xx_HAL_Driver/Src/stm32g0xx_hal_dma_ex.c ****     hdma->ErrorCode = HAL_DMA_ERROR_PARAM;
 165:Drivers/STM32G0xx_HAL_Driver/Src/stm32g0xx_hal_dma_ex.c **** 
 166:Drivers/STM32G0xx_HAL_Driver/Src/stm32g0xx_hal_dma_ex.c ****     /* error status */
 167:Drivers/STM32G0xx_HAL_Driver/Src/stm32g0xx_hal_dma_ex.c ****     status = HAL_ERROR;
 168:Drivers/STM32G0xx_HAL_Driver/Src/stm32g0xx_hal_dma_ex.c ****   }
 169:Drivers/STM32G0xx_HAL_Driver/Src/stm32g0xx_hal_dma_ex.c ****   else if (((hdma->DMAmuxRequestGen->RGCR & DMAMUX_RGxCR_GE) == 0U) && (temp_state == HAL_DMA_STATE
 359              		.loc 1 169 8 is_stmt 1 view .LVU70
 360              		.loc 1 169 36 is_stmt 0 view .LVU71
 361 0072 1A68     		ldr	r2, [r3]
 362              		.loc 1 169 11 view .LVU72
 363 0074 D203     		lsls	r2, r2, #15
 364 0076 01D4     		bmi	.L25
 365              		.loc 1 169 69 discriminator 1 view .LVU73
 366 0078 012E     		cmp	r6, #1
 367 007a 16D0     		beq	.L31
 368              	.L25:
 170:Drivers/STM32G0xx_HAL_Driver/Src/stm32g0xx_hal_dma_ex.c ****   {
 171:Drivers/STM32G0xx_HAL_Driver/Src/stm32g0xx_hal_dma_ex.c ****     /* RequestGenerator must be disable prior to the configuration i.e GE bit is 0 */
 172:Drivers/STM32G0xx_HAL_Driver/Src/stm32g0xx_hal_dma_ex.c **** 
 173:Drivers/STM32G0xx_HAL_Driver/Src/stm32g0xx_hal_dma_ex.c ****     /* Process Locked */
 174:Drivers/STM32G0xx_HAL_Driver/Src/stm32g0xx_hal_dma_ex.c ****     __HAL_LOCK(hdma);
 175:Drivers/STM32G0xx_HAL_Driver/Src/stm32g0xx_hal_dma_ex.c **** 
 176:Drivers/STM32G0xx_HAL_Driver/Src/stm32g0xx_hal_dma_ex.c ****     /* Set the request generator new parameters*/
 177:Drivers/STM32G0xx_HAL_Driver/Src/stm32g0xx_hal_dma_ex.c ****     hdma->DMAmuxRequestGen->RGCR = pRequestGeneratorConfig->SignalID | \
 178:Drivers/STM32G0xx_HAL_Driver/Src/stm32g0xx_hal_dma_ex.c ****                                    ((pRequestGeneratorConfig->RequestNumber - 1U) << DMAMUX_RGxCR_G
 179:Drivers/STM32G0xx_HAL_Driver/Src/stm32g0xx_hal_dma_ex.c ****                                    pRequestGeneratorConfig->Polarity;
 180:Drivers/STM32G0xx_HAL_Driver/Src/stm32g0xx_hal_dma_ex.c ****     /* Process UnLocked */
 181:Drivers/STM32G0xx_HAL_Driver/Src/stm32g0xx_hal_dma_ex.c ****     __HAL_UNLOCK(hdma);
 182:Drivers/STM32G0xx_HAL_Driver/Src/stm32g0xx_hal_dma_ex.c **** 
 183:Drivers/STM32G0xx_HAL_Driver/Src/stm32g0xx_hal_dma_ex.c ****     return HAL_OK;
 184:Drivers/STM32G0xx_HAL_Driver/Src/stm32g0xx_hal_dma_ex.c ****   }
 185:Drivers/STM32G0xx_HAL_Driver/Src/stm32g0xx_hal_dma_ex.c ****   else
 186:Drivers/STM32G0xx_HAL_Driver/Src/stm32g0xx_hal_dma_ex.c ****   {
 187:Drivers/STM32G0xx_HAL_Driver/Src/stm32g0xx_hal_dma_ex.c ****     /* Set the error code to busy */
 188:Drivers/STM32G0xx_HAL_Driver/Src/stm32g0xx_hal_dma_ex.c ****     hdma->ErrorCode = HAL_DMA_ERROR_BUSY;
 369              		.loc 1 188 5 is_stmt 1 view .LVU74
 370              		.loc 1 188 21 is_stmt 0 view .LVU75
 371 007c 8023     		movs	r3, #128
 372 007e E363     		str	r3, [r4, #60]
 189:Drivers/STM32G0xx_HAL_Driver/Src/stm32g0xx_hal_dma_ex.c **** 
 190:Drivers/STM32G0xx_HAL_Driver/Src/stm32g0xx_hal_dma_ex.c ****     /* error status */
ARM GAS  /tmp/ccuAmMgY.s 			page 11


 191:Drivers/STM32G0xx_HAL_Driver/Src/stm32g0xx_hal_dma_ex.c ****     status = HAL_ERROR;
 373              		.loc 1 191 5 is_stmt 1 view .LVU76
 374              	.LVL17:
 192:Drivers/STM32G0xx_HAL_Driver/Src/stm32g0xx_hal_dma_ex.c ****   }
 193:Drivers/STM32G0xx_HAL_Driver/Src/stm32g0xx_hal_dma_ex.c **** 
 194:Drivers/STM32G0xx_HAL_Driver/Src/stm32g0xx_hal_dma_ex.c ****   return status;
 375              		.loc 1 194 10 is_stmt 0 view .LVU77
 376 0080 0120     		movs	r0, #1
 377              	.LVL18:
 378              	.L24:
 195:Drivers/STM32G0xx_HAL_Driver/Src/stm32g0xx_hal_dma_ex.c **** }
 379              		.loc 1 195 1 view .LVU78
 380              		@ sp needed
 381              	.LVL19:
 382              	.LVL20:
 383              	.LVL21:
 384              		.loc 1 195 1 view .LVU79
 385 0082 70BD     		pop	{r4, r5, r6, pc}
 386              	.LVL22:
 387              	.L27:
 153:Drivers/STM32G0xx_HAL_Driver/Src/stm32g0xx_hal_dma_ex.c **** 
 388              		.loc 1 153 3 discriminator 1 view .LVU80
 389 0084 9921     		movs	r1, #153
 390 0086 1A48     		ldr	r0, .L32+28
 391 0088 FFF7FEFF 		bl	assert_failed
 392              	.LVL23:
 393 008c DBE7     		b	.L20
 394              	.L28:
 155:Drivers/STM32G0xx_HAL_Driver/Src/stm32g0xx_hal_dma_ex.c ****   assert_param(IS_DMAMUX_REQUEST_GEN_REQUEST_NUMBER(pRequestGeneratorConfig->RequestNumber));
 395              		.loc 1 155 3 discriminator 4 view .LVU81
 396 008e 9B21     		movs	r1, #155
 397 0090 1748     		ldr	r0, .L32+28
 398 0092 FFF7FEFF 		bl	assert_failed
 399              	.LVL24:
 400 0096 E5E7     		b	.L21
 401              	.L29:
 156:Drivers/STM32G0xx_HAL_Driver/Src/stm32g0xx_hal_dma_ex.c **** 
 402              		.loc 1 156 3 discriminator 1 view .LVU82
 403 0098 9C21     		movs	r1, #156
 404 009a 1548     		ldr	r0, .L32+28
 405 009c FFF7FEFF 		bl	assert_failed
 406              	.LVL25:
 407 00a0 E4E7     		b	.L22
 408              	.L30:
 164:Drivers/STM32G0xx_HAL_Driver/Src/stm32g0xx_hal_dma_ex.c **** 
 409              		.loc 1 164 5 is_stmt 1 view .LVU83
 164:Drivers/STM32G0xx_HAL_Driver/Src/stm32g0xx_hal_dma_ex.c **** 
 410              		.loc 1 164 21 is_stmt 0 view .LVU84
 411 00a2 4033     		adds	r3, r3, #64
 412 00a4 E363     		str	r3, [r4, #60]
 167:Drivers/STM32G0xx_HAL_Driver/Src/stm32g0xx_hal_dma_ex.c ****   }
 413              		.loc 1 167 5 is_stmt 1 view .LVU85
 414              	.LVL26:
 194:Drivers/STM32G0xx_HAL_Driver/Src/stm32g0xx_hal_dma_ex.c **** }
 415              		.loc 1 194 10 is_stmt 0 view .LVU86
 416 00a6 0120     		movs	r0, #1
 417 00a8 EBE7     		b	.L24
ARM GAS  /tmp/ccuAmMgY.s 			page 12


 418              	.LVL27:
 419              	.L31:
 174:Drivers/STM32G0xx_HAL_Driver/Src/stm32g0xx_hal_dma_ex.c **** 
 420              		.loc 1 174 5 is_stmt 1 view .LVU87
 174:Drivers/STM32G0xx_HAL_Driver/Src/stm32g0xx_hal_dma_ex.c **** 
 421              		.loc 1 174 5 view .LVU88
 422 00aa 2422     		movs	r2, #36
 423 00ac A25C     		ldrb	r2, [r4, r2]
 424 00ae 012A     		cmp	r2, #1
 425 00b0 0ED0     		beq	.L26
 174:Drivers/STM32G0xx_HAL_Driver/Src/stm32g0xx_hal_dma_ex.c **** 
 426              		.loc 1 174 5 discriminator 2 view .LVU89
 427 00b2 2421     		movs	r1, #36
 428 00b4 0122     		movs	r2, #1
 429 00b6 6254     		strb	r2, [r4, r1]
 174:Drivers/STM32G0xx_HAL_Driver/Src/stm32g0xx_hal_dma_ex.c **** 
 430              		.loc 1 174 5 discriminator 2 view .LVU90
 177:Drivers/STM32G0xx_HAL_Driver/Src/stm32g0xx_hal_dma_ex.c ****                                    ((pRequestGeneratorConfig->RequestNumber - 1U) << DMAMUX_RGxCR_G
 431              		.loc 1 177 5 discriminator 2 view .LVU91
 178:Drivers/STM32G0xx_HAL_Driver/Src/stm32g0xx_hal_dma_ex.c ****                                    pRequestGeneratorConfig->Polarity;
 432              		.loc 1 178 77 is_stmt 0 discriminator 2 view .LVU92
 433 00b8 AA68     		ldr	r2, [r5, #8]
 434 00ba 013A     		subs	r2, r2, #1
 178:Drivers/STM32G0xx_HAL_Driver/Src/stm32g0xx_hal_dma_ex.c ****                                    pRequestGeneratorConfig->Polarity;
 435              		.loc 1 178 83 discriminator 2 view .LVU93
 436 00bc D204     		lsls	r2, r2, #19
 177:Drivers/STM32G0xx_HAL_Driver/Src/stm32g0xx_hal_dma_ex.c ****                                    ((pRequestGeneratorConfig->RequestNumber - 1U) << DMAMUX_RGxCR_G
 437              		.loc 1 177 70 discriminator 2 view .LVU94
 438 00be 2868     		ldr	r0, [r5]
 439 00c0 0243     		orrs	r2, r0
 179:Drivers/STM32G0xx_HAL_Driver/Src/stm32g0xx_hal_dma_ex.c ****     /* Process UnLocked */
 440              		.loc 1 179 59 discriminator 2 view .LVU95
 441 00c2 6868     		ldr	r0, [r5, #4]
 178:Drivers/STM32G0xx_HAL_Driver/Src/stm32g0xx_hal_dma_ex.c ****                                    pRequestGeneratorConfig->Polarity;
 442              		.loc 1 178 111 discriminator 2 view .LVU96
 443 00c4 0243     		orrs	r2, r0
 177:Drivers/STM32G0xx_HAL_Driver/Src/stm32g0xx_hal_dma_ex.c ****                                    ((pRequestGeneratorConfig->RequestNumber - 1U) << DMAMUX_RGxCR_G
 444              		.loc 1 177 34 discriminator 2 view .LVU97
 445 00c6 1A60     		str	r2, [r3]
 181:Drivers/STM32G0xx_HAL_Driver/Src/stm32g0xx_hal_dma_ex.c **** 
 446              		.loc 1 181 5 is_stmt 1 discriminator 2 view .LVU98
 181:Drivers/STM32G0xx_HAL_Driver/Src/stm32g0xx_hal_dma_ex.c **** 
 447              		.loc 1 181 5 discriminator 2 view .LVU99
 448 00c8 0023     		movs	r3, #0
 449 00ca 6354     		strb	r3, [r4, r1]
 181:Drivers/STM32G0xx_HAL_Driver/Src/stm32g0xx_hal_dma_ex.c **** 
 450              		.loc 1 181 5 discriminator 2 view .LVU100
 183:Drivers/STM32G0xx_HAL_Driver/Src/stm32g0xx_hal_dma_ex.c ****   }
 451              		.loc 1 183 5 discriminator 2 view .LVU101
 183:Drivers/STM32G0xx_HAL_Driver/Src/stm32g0xx_hal_dma_ex.c ****   }
 452              		.loc 1 183 12 is_stmt 0 discriminator 2 view .LVU102
 453 00cc 0020     		movs	r0, #0
 454 00ce D8E7     		b	.L24
 455              	.L26:
 174:Drivers/STM32G0xx_HAL_Driver/Src/stm32g0xx_hal_dma_ex.c **** 
 456              		.loc 1 174 5 view .LVU103
 457 00d0 0220     		movs	r0, #2
ARM GAS  /tmp/ccuAmMgY.s 			page 13


 458 00d2 D6E7     		b	.L24
 459              	.L33:
 460              		.align	2
 461              	.L32:
 462 00d4 08000240 		.word	1073872904
 463 00d8 1C000240 		.word	1073872924
 464 00dc 30000240 		.word	1073872944
 465 00e0 44000240 		.word	1073872964
 466 00e4 58000240 		.word	1073872984
 467 00e8 6C000240 		.word	1073873004
 468 00ec 80000240 		.word	1073873024
 469 00f0 00000000 		.word	.LC0
 470              		.cfi_endproc
 471              	.LFE328:
 473              		.section	.text.HAL_DMAEx_EnableMuxRequestGenerator,"ax",%progbits
 474              		.align	1
 475              		.global	HAL_DMAEx_EnableMuxRequestGenerator
 476              		.syntax unified
 477              		.code	16
 478              		.thumb_func
 480              	HAL_DMAEx_EnableMuxRequestGenerator:
 481              	.LVL28:
 482              	.LFB329:
 196:Drivers/STM32G0xx_HAL_Driver/Src/stm32g0xx_hal_dma_ex.c **** 
 197:Drivers/STM32G0xx_HAL_Driver/Src/stm32g0xx_hal_dma_ex.c **** /**
 198:Drivers/STM32G0xx_HAL_Driver/Src/stm32g0xx_hal_dma_ex.c ****   * @brief Enable the DMAMUX request generator block used by the given DMA channel (instance).
 199:Drivers/STM32G0xx_HAL_Driver/Src/stm32g0xx_hal_dma_ex.c ****   * @param hdma Pointer to a DMA_HandleTypeDef structure that contains
 200:Drivers/STM32G0xx_HAL_Driver/Src/stm32g0xx_hal_dma_ex.c ****   *             the configuration information for the specified DMA channel.
 201:Drivers/STM32G0xx_HAL_Driver/Src/stm32g0xx_hal_dma_ex.c ****   * @retval HAL status
 202:Drivers/STM32G0xx_HAL_Driver/Src/stm32g0xx_hal_dma_ex.c ****   */
 203:Drivers/STM32G0xx_HAL_Driver/Src/stm32g0xx_hal_dma_ex.c **** HAL_StatusTypeDef HAL_DMAEx_EnableMuxRequestGenerator(DMA_HandleTypeDef *hdma)
 204:Drivers/STM32G0xx_HAL_Driver/Src/stm32g0xx_hal_dma_ex.c **** {
 483              		.loc 1 204 1 is_stmt 1 view -0
 484              		.cfi_startproc
 485              		@ args = 0, pretend = 0, frame = 0
 486              		@ frame_needed = 0, uses_anonymous_args = 0
 487              		.loc 1 204 1 is_stmt 0 view .LVU105
 488 0000 10B5     		push	{r4, lr}
 489              	.LCFI2:
 490              		.cfi_def_cfa_offset 8
 491              		.cfi_offset 4, -8
 492              		.cfi_offset 14, -4
 493 0002 0400     		movs	r4, r0
 205:Drivers/STM32G0xx_HAL_Driver/Src/stm32g0xx_hal_dma_ex.c ****   /* Check the parameters */
 206:Drivers/STM32G0xx_HAL_Driver/Src/stm32g0xx_hal_dma_ex.c ****   assert_param(IS_DMA_ALL_INSTANCE(hdma->Instance));
 494              		.loc 1 206 3 is_stmt 1 view .LVU106
 495 0004 0368     		ldr	r3, [r0]
 496 0006 154A     		ldr	r2, .L39
 497 0008 9342     		cmp	r3, r2
 498 000a 15D0     		beq	.L35
 499              		.loc 1 206 3 is_stmt 0 discriminator 1 view .LVU107
 500 000c 144A     		ldr	r2, .L39+4
 501 000e 9342     		cmp	r3, r2
 502 0010 12D0     		beq	.L35
 503              		.loc 1 206 3 discriminator 2 view .LVU108
 504 0012 144A     		ldr	r2, .L39+8
 505 0014 9342     		cmp	r3, r2
ARM GAS  /tmp/ccuAmMgY.s 			page 14


 506 0016 0FD0     		beq	.L35
 507              		.loc 1 206 3 discriminator 3 view .LVU109
 508 0018 134A     		ldr	r2, .L39+12
 509 001a 9342     		cmp	r3, r2
 510 001c 0CD0     		beq	.L35
 511              		.loc 1 206 3 discriminator 4 view .LVU110
 512 001e 134A     		ldr	r2, .L39+16
 513 0020 9342     		cmp	r3, r2
 514 0022 09D0     		beq	.L35
 515              		.loc 1 206 3 discriminator 5 view .LVU111
 516 0024 124A     		ldr	r2, .L39+20
 517 0026 9342     		cmp	r3, r2
 518 0028 06D0     		beq	.L35
 519              		.loc 1 206 3 discriminator 6 view .LVU112
 520 002a 124A     		ldr	r2, .L39+24
 521 002c 9342     		cmp	r3, r2
 522 002e 03D0     		beq	.L35
 523              		.loc 1 206 3 discriminator 7 view .LVU113
 524 0030 CE21     		movs	r1, #206
 525 0032 1148     		ldr	r0, .L39+28
 526              	.LVL29:
 527              		.loc 1 206 3 discriminator 7 view .LVU114
 528 0034 FFF7FEFF 		bl	assert_failed
 529              	.LVL30:
 530              	.L35:
 207:Drivers/STM32G0xx_HAL_Driver/Src/stm32g0xx_hal_dma_ex.c **** 
 208:Drivers/STM32G0xx_HAL_Driver/Src/stm32g0xx_hal_dma_ex.c ****   /* check if the DMA state is ready
 209:Drivers/STM32G0xx_HAL_Driver/Src/stm32g0xx_hal_dma_ex.c ****      and DMA is using a DMAMUX request generator block
 210:Drivers/STM32G0xx_HAL_Driver/Src/stm32g0xx_hal_dma_ex.c ****   */
 211:Drivers/STM32G0xx_HAL_Driver/Src/stm32g0xx_hal_dma_ex.c ****   if ((hdma->State != HAL_DMA_STATE_RESET) && (hdma->DMAmuxRequestGen != 0))
 531              		.loc 1 211 3 is_stmt 1 view .LVU115
 532              		.loc 1 211 12 is_stmt 0 view .LVU116
 533 0038 2523     		movs	r3, #37
 534 003a E35C     		ldrb	r3, [r4, r3]
 535              		.loc 1 211 6 view .LVU117
 536 003c 002B     		cmp	r3, #0
 537 003e 09D0     		beq	.L37
 538              		.loc 1 211 52 discriminator 1 view .LVU118
 539 0040 236D     		ldr	r3, [r4, #80]
 540              		.loc 1 211 44 discriminator 1 view .LVU119
 541 0042 002B     		cmp	r3, #0
 542 0044 08D0     		beq	.L38
 212:Drivers/STM32G0xx_HAL_Driver/Src/stm32g0xx_hal_dma_ex.c ****   {
 213:Drivers/STM32G0xx_HAL_Driver/Src/stm32g0xx_hal_dma_ex.c **** 
 214:Drivers/STM32G0xx_HAL_Driver/Src/stm32g0xx_hal_dma_ex.c ****     /* Enable the request generator*/
 215:Drivers/STM32G0xx_HAL_Driver/Src/stm32g0xx_hal_dma_ex.c ****     hdma->DMAmuxRequestGen->RGCR |= DMAMUX_RGxCR_GE;
 543              		.loc 1 215 5 is_stmt 1 view .LVU120
 544              		.loc 1 215 34 is_stmt 0 view .LVU121
 545 0046 1968     		ldr	r1, [r3]
 546 0048 8022     		movs	r2, #128
 547 004a 5202     		lsls	r2, r2, #9
 548 004c 0A43     		orrs	r2, r1
 549 004e 1A60     		str	r2, [r3]
 216:Drivers/STM32G0xx_HAL_Driver/Src/stm32g0xx_hal_dma_ex.c **** 
 217:Drivers/STM32G0xx_HAL_Driver/Src/stm32g0xx_hal_dma_ex.c ****     return HAL_OK;
 550              		.loc 1 217 5 is_stmt 1 view .LVU122
 551              		.loc 1 217 12 is_stmt 0 view .LVU123
ARM GAS  /tmp/ccuAmMgY.s 			page 15


 552 0050 0020     		movs	r0, #0
 553              	.L36:
 218:Drivers/STM32G0xx_HAL_Driver/Src/stm32g0xx_hal_dma_ex.c ****   }
 219:Drivers/STM32G0xx_HAL_Driver/Src/stm32g0xx_hal_dma_ex.c ****   else
 220:Drivers/STM32G0xx_HAL_Driver/Src/stm32g0xx_hal_dma_ex.c ****   {
 221:Drivers/STM32G0xx_HAL_Driver/Src/stm32g0xx_hal_dma_ex.c ****     return HAL_ERROR;
 222:Drivers/STM32G0xx_HAL_Driver/Src/stm32g0xx_hal_dma_ex.c ****   }
 223:Drivers/STM32G0xx_HAL_Driver/Src/stm32g0xx_hal_dma_ex.c **** }
 554              		.loc 1 223 1 view .LVU124
 555              		@ sp needed
 556              	.LVL31:
 557              		.loc 1 223 1 view .LVU125
 558 0052 10BD     		pop	{r4, pc}
 559              	.LVL32:
 560              	.L37:
 221:Drivers/STM32G0xx_HAL_Driver/Src/stm32g0xx_hal_dma_ex.c ****   }
 561              		.loc 1 221 12 view .LVU126
 562 0054 0120     		movs	r0, #1
 563 0056 FCE7     		b	.L36
 564              	.L38:
 221:Drivers/STM32G0xx_HAL_Driver/Src/stm32g0xx_hal_dma_ex.c ****   }
 565              		.loc 1 221 12 view .LVU127
 566 0058 0120     		movs	r0, #1
 567 005a FAE7     		b	.L36
 568              	.L40:
 569              		.align	2
 570              	.L39:
 571 005c 08000240 		.word	1073872904
 572 0060 1C000240 		.word	1073872924
 573 0064 30000240 		.word	1073872944
 574 0068 44000240 		.word	1073872964
 575 006c 58000240 		.word	1073872984
 576 0070 6C000240 		.word	1073873004
 577 0074 80000240 		.word	1073873024
 578 0078 00000000 		.word	.LC0
 579              		.cfi_endproc
 580              	.LFE329:
 582              		.section	.text.HAL_DMAEx_DisableMuxRequestGenerator,"ax",%progbits
 583              		.align	1
 584              		.global	HAL_DMAEx_DisableMuxRequestGenerator
 585              		.syntax unified
 586              		.code	16
 587              		.thumb_func
 589              	HAL_DMAEx_DisableMuxRequestGenerator:
 590              	.LVL33:
 591              	.LFB330:
 224:Drivers/STM32G0xx_HAL_Driver/Src/stm32g0xx_hal_dma_ex.c **** 
 225:Drivers/STM32G0xx_HAL_Driver/Src/stm32g0xx_hal_dma_ex.c **** /**
 226:Drivers/STM32G0xx_HAL_Driver/Src/stm32g0xx_hal_dma_ex.c ****   * @brief Disable the DMAMUX request generator block used by the given DMA channel (instance).
 227:Drivers/STM32G0xx_HAL_Driver/Src/stm32g0xx_hal_dma_ex.c ****   * @param hdma Pointer to a DMA_HandleTypeDef structure that contains
 228:Drivers/STM32G0xx_HAL_Driver/Src/stm32g0xx_hal_dma_ex.c ****   *             the configuration information for the specified DMA channel.
 229:Drivers/STM32G0xx_HAL_Driver/Src/stm32g0xx_hal_dma_ex.c ****   * @retval HAL status
 230:Drivers/STM32G0xx_HAL_Driver/Src/stm32g0xx_hal_dma_ex.c ****   */
 231:Drivers/STM32G0xx_HAL_Driver/Src/stm32g0xx_hal_dma_ex.c **** HAL_StatusTypeDef HAL_DMAEx_DisableMuxRequestGenerator(DMA_HandleTypeDef *hdma)
 232:Drivers/STM32G0xx_HAL_Driver/Src/stm32g0xx_hal_dma_ex.c **** {
 592              		.loc 1 232 1 is_stmt 1 view -0
 593              		.cfi_startproc
ARM GAS  /tmp/ccuAmMgY.s 			page 16


 594              		@ args = 0, pretend = 0, frame = 0
 595              		@ frame_needed = 0, uses_anonymous_args = 0
 596              		.loc 1 232 1 is_stmt 0 view .LVU129
 597 0000 10B5     		push	{r4, lr}
 598              	.LCFI3:
 599              		.cfi_def_cfa_offset 8
 600              		.cfi_offset 4, -8
 601              		.cfi_offset 14, -4
 602 0002 0400     		movs	r4, r0
 233:Drivers/STM32G0xx_HAL_Driver/Src/stm32g0xx_hal_dma_ex.c ****   /* Check the parameters */
 234:Drivers/STM32G0xx_HAL_Driver/Src/stm32g0xx_hal_dma_ex.c ****   assert_param(IS_DMA_ALL_INSTANCE(hdma->Instance));
 603              		.loc 1 234 3 is_stmt 1 view .LVU130
 604 0004 0368     		ldr	r3, [r0]
 605 0006 154A     		ldr	r2, .L46
 606 0008 9342     		cmp	r3, r2
 607 000a 15D0     		beq	.L42
 608              		.loc 1 234 3 is_stmt 0 discriminator 1 view .LVU131
 609 000c 144A     		ldr	r2, .L46+4
 610 000e 9342     		cmp	r3, r2
 611 0010 12D0     		beq	.L42
 612              		.loc 1 234 3 discriminator 2 view .LVU132
 613 0012 144A     		ldr	r2, .L46+8
 614 0014 9342     		cmp	r3, r2
 615 0016 0FD0     		beq	.L42
 616              		.loc 1 234 3 discriminator 3 view .LVU133
 617 0018 134A     		ldr	r2, .L46+12
 618 001a 9342     		cmp	r3, r2
 619 001c 0CD0     		beq	.L42
 620              		.loc 1 234 3 discriminator 4 view .LVU134
 621 001e 134A     		ldr	r2, .L46+16
 622 0020 9342     		cmp	r3, r2
 623 0022 09D0     		beq	.L42
 624              		.loc 1 234 3 discriminator 5 view .LVU135
 625 0024 124A     		ldr	r2, .L46+20
 626 0026 9342     		cmp	r3, r2
 627 0028 06D0     		beq	.L42
 628              		.loc 1 234 3 discriminator 6 view .LVU136
 629 002a 124A     		ldr	r2, .L46+24
 630 002c 9342     		cmp	r3, r2
 631 002e 03D0     		beq	.L42
 632              		.loc 1 234 3 discriminator 7 view .LVU137
 633 0030 EA21     		movs	r1, #234
 634 0032 1148     		ldr	r0, .L46+28
 635              	.LVL34:
 636              		.loc 1 234 3 discriminator 7 view .LVU138
 637 0034 FFF7FEFF 		bl	assert_failed
 638              	.LVL35:
 639              	.L42:
 235:Drivers/STM32G0xx_HAL_Driver/Src/stm32g0xx_hal_dma_ex.c **** 
 236:Drivers/STM32G0xx_HAL_Driver/Src/stm32g0xx_hal_dma_ex.c ****   /* check if the DMA state is ready
 237:Drivers/STM32G0xx_HAL_Driver/Src/stm32g0xx_hal_dma_ex.c ****      and DMA is using a DMAMUX request generator block
 238:Drivers/STM32G0xx_HAL_Driver/Src/stm32g0xx_hal_dma_ex.c ****   */
 239:Drivers/STM32G0xx_HAL_Driver/Src/stm32g0xx_hal_dma_ex.c ****   if ((hdma->State != HAL_DMA_STATE_RESET) && (hdma->DMAmuxRequestGen != 0))
 640              		.loc 1 239 3 is_stmt 1 view .LVU139
 641              		.loc 1 239 12 is_stmt 0 view .LVU140
 642 0038 2523     		movs	r3, #37
 643 003a E35C     		ldrb	r3, [r4, r3]
ARM GAS  /tmp/ccuAmMgY.s 			page 17


 644              		.loc 1 239 6 view .LVU141
 645 003c 002B     		cmp	r3, #0
 646 003e 08D0     		beq	.L44
 647              		.loc 1 239 52 discriminator 1 view .LVU142
 648 0040 236D     		ldr	r3, [r4, #80]
 649              		.loc 1 239 44 discriminator 1 view .LVU143
 650 0042 002B     		cmp	r3, #0
 651 0044 07D0     		beq	.L45
 240:Drivers/STM32G0xx_HAL_Driver/Src/stm32g0xx_hal_dma_ex.c ****   {
 241:Drivers/STM32G0xx_HAL_Driver/Src/stm32g0xx_hal_dma_ex.c **** 
 242:Drivers/STM32G0xx_HAL_Driver/Src/stm32g0xx_hal_dma_ex.c ****     /* Disable the request generator*/
 243:Drivers/STM32G0xx_HAL_Driver/Src/stm32g0xx_hal_dma_ex.c ****     hdma->DMAmuxRequestGen->RGCR &= ~DMAMUX_RGxCR_GE;
 652              		.loc 1 243 5 is_stmt 1 view .LVU144
 653              		.loc 1 243 34 is_stmt 0 view .LVU145
 654 0046 1A68     		ldr	r2, [r3]
 655 0048 0C49     		ldr	r1, .L46+32
 656 004a 0A40     		ands	r2, r1
 657 004c 1A60     		str	r2, [r3]
 244:Drivers/STM32G0xx_HAL_Driver/Src/stm32g0xx_hal_dma_ex.c **** 
 245:Drivers/STM32G0xx_HAL_Driver/Src/stm32g0xx_hal_dma_ex.c ****     return HAL_OK;
 658              		.loc 1 245 5 is_stmt 1 view .LVU146
 659              		.loc 1 245 12 is_stmt 0 view .LVU147
 660 004e 0020     		movs	r0, #0
 661              	.L43:
 246:Drivers/STM32G0xx_HAL_Driver/Src/stm32g0xx_hal_dma_ex.c ****   }
 247:Drivers/STM32G0xx_HAL_Driver/Src/stm32g0xx_hal_dma_ex.c ****   else
 248:Drivers/STM32G0xx_HAL_Driver/Src/stm32g0xx_hal_dma_ex.c ****   {
 249:Drivers/STM32G0xx_HAL_Driver/Src/stm32g0xx_hal_dma_ex.c ****     return HAL_ERROR;
 250:Drivers/STM32G0xx_HAL_Driver/Src/stm32g0xx_hal_dma_ex.c ****   }
 251:Drivers/STM32G0xx_HAL_Driver/Src/stm32g0xx_hal_dma_ex.c **** }
 662              		.loc 1 251 1 view .LVU148
 663              		@ sp needed
 664              	.LVL36:
 665              		.loc 1 251 1 view .LVU149
 666 0050 10BD     		pop	{r4, pc}
 667              	.LVL37:
 668              	.L44:
 249:Drivers/STM32G0xx_HAL_Driver/Src/stm32g0xx_hal_dma_ex.c ****   }
 669              		.loc 1 249 12 view .LVU150
 670 0052 0120     		movs	r0, #1
 671 0054 FCE7     		b	.L43
 672              	.L45:
 249:Drivers/STM32G0xx_HAL_Driver/Src/stm32g0xx_hal_dma_ex.c ****   }
 673              		.loc 1 249 12 view .LVU151
 674 0056 0120     		movs	r0, #1
 675 0058 FAE7     		b	.L43
 676              	.L47:
 677 005a C046     		.align	2
 678              	.L46:
 679 005c 08000240 		.word	1073872904
 680 0060 1C000240 		.word	1073872924
 681 0064 30000240 		.word	1073872944
 682 0068 44000240 		.word	1073872964
 683 006c 58000240 		.word	1073872984
 684 0070 6C000240 		.word	1073873004
 685 0074 80000240 		.word	1073873024
 686 0078 00000000 		.word	.LC0
ARM GAS  /tmp/ccuAmMgY.s 			page 18


 687 007c FFFFFEFF 		.word	-65537
 688              		.cfi_endproc
 689              	.LFE330:
 691              		.section	.text.HAL_DMAEx_MUX_IRQHandler,"ax",%progbits
 692              		.align	1
 693              		.global	HAL_DMAEx_MUX_IRQHandler
 694              		.syntax unified
 695              		.code	16
 696              		.thumb_func
 698              	HAL_DMAEx_MUX_IRQHandler:
 699              	.LVL38:
 700              	.LFB331:
 252:Drivers/STM32G0xx_HAL_Driver/Src/stm32g0xx_hal_dma_ex.c **** 
 253:Drivers/STM32G0xx_HAL_Driver/Src/stm32g0xx_hal_dma_ex.c **** /**
 254:Drivers/STM32G0xx_HAL_Driver/Src/stm32g0xx_hal_dma_ex.c ****   * @brief Handles DMAMUX interrupt request.
 255:Drivers/STM32G0xx_HAL_Driver/Src/stm32g0xx_hal_dma_ex.c ****   * @param hdma Pointer to a DMA_HandleTypeDef structure that contains
 256:Drivers/STM32G0xx_HAL_Driver/Src/stm32g0xx_hal_dma_ex.c ****   *             the configuration information for the specified DMA channel.
 257:Drivers/STM32G0xx_HAL_Driver/Src/stm32g0xx_hal_dma_ex.c ****   * @retval None
 258:Drivers/STM32G0xx_HAL_Driver/Src/stm32g0xx_hal_dma_ex.c ****   */
 259:Drivers/STM32G0xx_HAL_Driver/Src/stm32g0xx_hal_dma_ex.c **** void HAL_DMAEx_MUX_IRQHandler(DMA_HandleTypeDef *hdma)
 260:Drivers/STM32G0xx_HAL_Driver/Src/stm32g0xx_hal_dma_ex.c **** {
 701              		.loc 1 260 1 is_stmt 1 view -0
 702              		.cfi_startproc
 703              		@ args = 0, pretend = 0, frame = 0
 704              		@ frame_needed = 0, uses_anonymous_args = 0
 705              		.loc 1 260 1 is_stmt 0 view .LVU153
 706 0000 10B5     		push	{r4, lr}
 707              	.LCFI4:
 708              		.cfi_def_cfa_offset 8
 709              		.cfi_offset 4, -8
 710              		.cfi_offset 14, -4
 711 0002 0400     		movs	r4, r0
 261:Drivers/STM32G0xx_HAL_Driver/Src/stm32g0xx_hal_dma_ex.c ****   /* Check for DMAMUX Synchronization overrun */
 262:Drivers/STM32G0xx_HAL_Driver/Src/stm32g0xx_hal_dma_ex.c ****   if ((hdma->DMAmuxChannelStatus->CSR & hdma->DMAmuxChannelStatusMask) != 0U)
 712              		.loc 1 262 3 is_stmt 1 view .LVU154
 713              		.loc 1 262 12 is_stmt 0 view .LVU155
 714 0004 836C     		ldr	r3, [r0, #72]
 715              		.loc 1 262 33 view .LVU156
 716 0006 1B68     		ldr	r3, [r3]
 717              		.loc 1 262 6 view .LVU157
 718 0008 C26C     		ldr	r2, [r0, #76]
 719 000a 1A42     		tst	r2, r3
 720 000c 10D0     		beq	.L49
 263:Drivers/STM32G0xx_HAL_Driver/Src/stm32g0xx_hal_dma_ex.c ****   {
 264:Drivers/STM32G0xx_HAL_Driver/Src/stm32g0xx_hal_dma_ex.c ****     /* Disable the synchro overrun interrupt */
 265:Drivers/STM32G0xx_HAL_Driver/Src/stm32g0xx_hal_dma_ex.c ****     hdma->DMAmuxChannel->CCR &= ~DMAMUX_CxCR_SOIE;
 721              		.loc 1 265 5 is_stmt 1 view .LVU158
 722              		.loc 1 265 9 is_stmt 0 view .LVU159
 723 000e 426C     		ldr	r2, [r0, #68]
 724              		.loc 1 265 30 view .LVU160
 725 0010 1368     		ldr	r3, [r2]
 726 0012 1449     		ldr	r1, .L51
 727 0014 0B40     		ands	r3, r1
 728 0016 1360     		str	r3, [r2]
 266:Drivers/STM32G0xx_HAL_Driver/Src/stm32g0xx_hal_dma_ex.c **** 
 267:Drivers/STM32G0xx_HAL_Driver/Src/stm32g0xx_hal_dma_ex.c ****     /* Clear the DMAMUX synchro overrun flag */
 268:Drivers/STM32G0xx_HAL_Driver/Src/stm32g0xx_hal_dma_ex.c ****     hdma->DMAmuxChannelStatus->CFR = hdma->DMAmuxChannelStatusMask;
ARM GAS  /tmp/ccuAmMgY.s 			page 19


 729              		.loc 1 268 5 is_stmt 1 view .LVU161
 730              		.loc 1 268 9 is_stmt 0 view .LVU162
 731 0018 836C     		ldr	r3, [r0, #72]
 732              		.loc 1 268 36 view .LVU163
 733 001a C26C     		ldr	r2, [r0, #76]
 734 001c 5A60     		str	r2, [r3, #4]
 269:Drivers/STM32G0xx_HAL_Driver/Src/stm32g0xx_hal_dma_ex.c **** 
 270:Drivers/STM32G0xx_HAL_Driver/Src/stm32g0xx_hal_dma_ex.c ****     /* Update error code */
 271:Drivers/STM32G0xx_HAL_Driver/Src/stm32g0xx_hal_dma_ex.c ****     hdma->ErrorCode |= HAL_DMA_ERROR_SYNC;
 735              		.loc 1 271 5 is_stmt 1 view .LVU164
 736              		.loc 1 271 21 is_stmt 0 view .LVU165
 737 001e C26B     		ldr	r2, [r0, #60]
 738 0020 8023     		movs	r3, #128
 739 0022 9B00     		lsls	r3, r3, #2
 740 0024 1343     		orrs	r3, r2
 741 0026 C363     		str	r3, [r0, #60]
 272:Drivers/STM32G0xx_HAL_Driver/Src/stm32g0xx_hal_dma_ex.c **** 
 273:Drivers/STM32G0xx_HAL_Driver/Src/stm32g0xx_hal_dma_ex.c ****     if (hdma->XferErrorCallback != NULL)
 742              		.loc 1 273 5 is_stmt 1 view .LVU166
 743              		.loc 1 273 13 is_stmt 0 view .LVU167
 744 0028 436B     		ldr	r3, [r0, #52]
 745              		.loc 1 273 8 view .LVU168
 746 002a 002B     		cmp	r3, #0
 747 002c 00D0     		beq	.L49
 274:Drivers/STM32G0xx_HAL_Driver/Src/stm32g0xx_hal_dma_ex.c ****     {
 275:Drivers/STM32G0xx_HAL_Driver/Src/stm32g0xx_hal_dma_ex.c ****       /* Transfer error callback */
 276:Drivers/STM32G0xx_HAL_Driver/Src/stm32g0xx_hal_dma_ex.c ****       hdma->XferErrorCallback(hdma);
 748              		.loc 1 276 7 is_stmt 1 view .LVU169
 749 002e 9847     		blx	r3
 750              	.LVL39:
 751              	.L49:
 277:Drivers/STM32G0xx_HAL_Driver/Src/stm32g0xx_hal_dma_ex.c ****     }
 278:Drivers/STM32G0xx_HAL_Driver/Src/stm32g0xx_hal_dma_ex.c ****   }
 279:Drivers/STM32G0xx_HAL_Driver/Src/stm32g0xx_hal_dma_ex.c **** 
 280:Drivers/STM32G0xx_HAL_Driver/Src/stm32g0xx_hal_dma_ex.c ****   if (hdma->DMAmuxRequestGen != 0)
 752              		.loc 1 280 3 view .LVU170
 753              		.loc 1 280 11 is_stmt 0 view .LVU171
 754 0030 236D     		ldr	r3, [r4, #80]
 755              		.loc 1 280 6 view .LVU172
 756 0032 002B     		cmp	r3, #0
 757 0034 15D0     		beq	.L48
 281:Drivers/STM32G0xx_HAL_Driver/Src/stm32g0xx_hal_dma_ex.c ****   {
 282:Drivers/STM32G0xx_HAL_Driver/Src/stm32g0xx_hal_dma_ex.c ****     /* if using a DMAMUX request generator block Check for DMAMUX request generator overrun */
 283:Drivers/STM32G0xx_HAL_Driver/Src/stm32g0xx_hal_dma_ex.c ****     if ((hdma->DMAmuxRequestGenStatus->RGSR & hdma->DMAmuxRequestGenStatusMask) != 0U)
 758              		.loc 1 283 5 is_stmt 1 view .LVU173
 759              		.loc 1 283 14 is_stmt 0 view .LVU174
 760 0036 626D     		ldr	r2, [r4, #84]
 761              		.loc 1 283 38 view .LVU175
 762 0038 1268     		ldr	r2, [r2]
 763              		.loc 1 283 8 view .LVU176
 764 003a A16D     		ldr	r1, [r4, #88]
 765 003c 1142     		tst	r1, r2
 766 003e 10D0     		beq	.L48
 284:Drivers/STM32G0xx_HAL_Driver/Src/stm32g0xx_hal_dma_ex.c ****     {
 285:Drivers/STM32G0xx_HAL_Driver/Src/stm32g0xx_hal_dma_ex.c ****       /* Disable the request gen overrun interrupt */
 286:Drivers/STM32G0xx_HAL_Driver/Src/stm32g0xx_hal_dma_ex.c ****       hdma->DMAmuxRequestGen->RGCR &= ~DMAMUX_RGxCR_OIE;
 767              		.loc 1 286 7 is_stmt 1 view .LVU177
ARM GAS  /tmp/ccuAmMgY.s 			page 20


 768              		.loc 1 286 36 is_stmt 0 view .LVU178
 769 0040 1A68     		ldr	r2, [r3]
 770 0042 0849     		ldr	r1, .L51
 771 0044 0A40     		ands	r2, r1
 772 0046 1A60     		str	r2, [r3]
 287:Drivers/STM32G0xx_HAL_Driver/Src/stm32g0xx_hal_dma_ex.c **** 
 288:Drivers/STM32G0xx_HAL_Driver/Src/stm32g0xx_hal_dma_ex.c ****       /* Clear the DMAMUX request generator overrun flag */
 289:Drivers/STM32G0xx_HAL_Driver/Src/stm32g0xx_hal_dma_ex.c ****       hdma->DMAmuxRequestGenStatus->RGCFR = hdma->DMAmuxRequestGenStatusMask;
 773              		.loc 1 289 7 is_stmt 1 view .LVU179
 774              		.loc 1 289 11 is_stmt 0 view .LVU180
 775 0048 636D     		ldr	r3, [r4, #84]
 776              		.loc 1 289 43 view .LVU181
 777 004a A26D     		ldr	r2, [r4, #88]
 778 004c 5A60     		str	r2, [r3, #4]
 290:Drivers/STM32G0xx_HAL_Driver/Src/stm32g0xx_hal_dma_ex.c **** 
 291:Drivers/STM32G0xx_HAL_Driver/Src/stm32g0xx_hal_dma_ex.c ****       /* Update error code */
 292:Drivers/STM32G0xx_HAL_Driver/Src/stm32g0xx_hal_dma_ex.c ****       hdma->ErrorCode |= HAL_DMA_ERROR_REQGEN;
 779              		.loc 1 292 7 is_stmt 1 view .LVU182
 780              		.loc 1 292 23 is_stmt 0 view .LVU183
 781 004e E26B     		ldr	r2, [r4, #60]
 782 0050 8023     		movs	r3, #128
 783 0052 DB00     		lsls	r3, r3, #3
 784 0054 1343     		orrs	r3, r2
 785 0056 E363     		str	r3, [r4, #60]
 293:Drivers/STM32G0xx_HAL_Driver/Src/stm32g0xx_hal_dma_ex.c **** 
 294:Drivers/STM32G0xx_HAL_Driver/Src/stm32g0xx_hal_dma_ex.c ****       if (hdma->XferErrorCallback != NULL)
 786              		.loc 1 294 7 is_stmt 1 view .LVU184
 787              		.loc 1 294 15 is_stmt 0 view .LVU185
 788 0058 636B     		ldr	r3, [r4, #52]
 789              		.loc 1 294 10 view .LVU186
 790 005a 002B     		cmp	r3, #0
 791 005c 01D0     		beq	.L48
 295:Drivers/STM32G0xx_HAL_Driver/Src/stm32g0xx_hal_dma_ex.c ****       {
 296:Drivers/STM32G0xx_HAL_Driver/Src/stm32g0xx_hal_dma_ex.c ****         /* Transfer error callback */
 297:Drivers/STM32G0xx_HAL_Driver/Src/stm32g0xx_hal_dma_ex.c ****         hdma->XferErrorCallback(hdma);
 792              		.loc 1 297 9 is_stmt 1 view .LVU187
 793 005e 2000     		movs	r0, r4
 794 0060 9847     		blx	r3
 795              	.LVL40:
 796              	.L48:
 298:Drivers/STM32G0xx_HAL_Driver/Src/stm32g0xx_hal_dma_ex.c ****       }
 299:Drivers/STM32G0xx_HAL_Driver/Src/stm32g0xx_hal_dma_ex.c ****     }
 300:Drivers/STM32G0xx_HAL_Driver/Src/stm32g0xx_hal_dma_ex.c ****   }
 301:Drivers/STM32G0xx_HAL_Driver/Src/stm32g0xx_hal_dma_ex.c **** }
 797              		.loc 1 301 1 is_stmt 0 view .LVU188
 798              		@ sp needed
 799              	.LVL41:
 800              		.loc 1 301 1 view .LVU189
 801 0062 10BD     		pop	{r4, pc}
 802              	.L52:
 803              		.align	2
 804              	.L51:
 805 0064 FFFEFFFF 		.word	-257
 806              		.cfi_endproc
 807              	.LFE331:
 809              		.text
 810              	.Letext0:
ARM GAS  /tmp/ccuAmMgY.s 			page 21


 811              		.file 2 "/home/yiyu/gcc-arm-none-eabi-10.3-2021.10/arm-none-eabi/include/machine/_default_types.h"
 812              		.file 3 "/home/yiyu/gcc-arm-none-eabi-10.3-2021.10/arm-none-eabi/include/sys/_stdint.h"
 813              		.file 4 "Drivers/CMSIS/Device/ST/STM32G0xx/Include/stm32g071xx.h"
 814              		.file 5 "Drivers/CMSIS/Device/ST/STM32G0xx/Include/stm32g0xx.h"
 815              		.file 6 "Drivers/STM32G0xx_HAL_Driver/Inc/stm32g0xx_hal_def.h"
 816              		.file 7 "Drivers/STM32G0xx_HAL_Driver/Inc/stm32g0xx_hal_dma.h"
 817              		.file 8 "Drivers/STM32G0xx_HAL_Driver/Inc/stm32g0xx_hal_dma_ex.h"
 818              		.file 9 "Drivers/STM32G0xx_HAL_Driver/Inc/stm32g0xx_ll_dma.h"
 819              		.file 10 "Core/Inc/stm32g0xx_hal_conf.h"
ARM GAS  /tmp/ccuAmMgY.s 			page 22


DEFINED SYMBOLS
                            *ABS*:0000000000000000 stm32g0xx_hal_dma_ex.c
     /tmp/ccuAmMgY.s:18     .rodata.HAL_DMAEx_ConfigMuxSync.str1.4:0000000000000000 $d
     /tmp/ccuAmMgY.s:23     .text.HAL_DMAEx_ConfigMuxSync:0000000000000000 $t
     /tmp/ccuAmMgY.s:29     .text.HAL_DMAEx_ConfigMuxSync:0000000000000000 HAL_DMAEx_ConfigMuxSync
     /tmp/ccuAmMgY.s:241    .text.HAL_DMAEx_ConfigMuxSync:0000000000000104 $d
     /tmp/ccuAmMgY.s:253    .text.HAL_DMAEx_ConfigMuxRequestGenerator:0000000000000000 $t
     /tmp/ccuAmMgY.s:259    .text.HAL_DMAEx_ConfigMuxRequestGenerator:0000000000000000 HAL_DMAEx_ConfigMuxRequestGenerator
     /tmp/ccuAmMgY.s:462    .text.HAL_DMAEx_ConfigMuxRequestGenerator:00000000000000d4 $d
     /tmp/ccuAmMgY.s:474    .text.HAL_DMAEx_EnableMuxRequestGenerator:0000000000000000 $t
     /tmp/ccuAmMgY.s:480    .text.HAL_DMAEx_EnableMuxRequestGenerator:0000000000000000 HAL_DMAEx_EnableMuxRequestGenerator
     /tmp/ccuAmMgY.s:571    .text.HAL_DMAEx_EnableMuxRequestGenerator:000000000000005c $d
     /tmp/ccuAmMgY.s:583    .text.HAL_DMAEx_DisableMuxRequestGenerator:0000000000000000 $t
     /tmp/ccuAmMgY.s:589    .text.HAL_DMAEx_DisableMuxRequestGenerator:0000000000000000 HAL_DMAEx_DisableMuxRequestGenerator
     /tmp/ccuAmMgY.s:679    .text.HAL_DMAEx_DisableMuxRequestGenerator:000000000000005c $d
     /tmp/ccuAmMgY.s:692    .text.HAL_DMAEx_MUX_IRQHandler:0000000000000000 $t
     /tmp/ccuAmMgY.s:698    .text.HAL_DMAEx_MUX_IRQHandler:0000000000000000 HAL_DMAEx_MUX_IRQHandler
     /tmp/ccuAmMgY.s:805    .text.HAL_DMAEx_MUX_IRQHandler:0000000000000064 $d

UNDEFINED SYMBOLS
assert_failed
